{"C:\\Hackethon_Frontend\\staticsitegenerator\\src\\App.js": {"path":"C:\\Hackethon_Frontend\\staticsitegenerator\\src\\App.js","statementMap":{"0":{"start":{"line":13,"column":2},"end":{"line":29,"column":4}}},"fnMap":{"0":{"name":"App","decl":{"start":{"line":12,"column":9},"end":{"line":12,"column":12}},"loc":{"start":{"line":12,"column":15},"end":{"line":30,"column":1}},"line":12}},"branchMap":{},"s":{"0":2},"f":{"0":2},"b":{},"_coverageSchema":"1a1c01bbd47fc00a2c39e90264f33305004495a9","hash":"6a8658ac22708491a947ad935e5caf1734ca0617"}
,"C:\\Hackethon_Frontend\\staticsitegenerator\\src\\Components\\Edit\\Edit.jsx": {"path":"C:\\Hackethon_Frontend\\staticsitegenerator\\src\\Components\\Edit\\Edit.jsx","statementMap":{"0":{"start":{"line":22,"column":16},"end":{"line":22,"column":29}},"1":{"start":{"line":23,"column":32},"end":{"line":23,"column":46}},"2":{"start":{"line":24,"column":19},"end":{"line":24,"column":30}},"3":{"start":{"line":25,"column":32},"end":{"line":25,"column":46}},"4":{"start":{"line":26,"column":28},"end":{"line":26,"column":43}},"5":{"start":{"line":27,"column":42},"end":{"line":27,"column":54}},"6":{"start":{"line":28,"column":21},"end":{"line":28,"column":34}},"7":{"start":{"line":29,"column":24},"end":{"line":29,"column":41}},"8":{"start":{"line":30,"column":32},"end":{"line":30,"column":37}},"9":{"start":{"line":31,"column":4},"end":{"line":33,"column":5}},"10":{"start":{"line":32,"column":8},"end":{"line":32,"column":37}},"11":{"start":{"line":35,"column":23},"end":{"line":52,"column":5}},"12":{"start":{"line":36,"column":8},"end":{"line":36,"column":22}},"13":{"start":{"line":37,"column":24},"end":{"line":37,"column":40}},"14":{"start":{"line":38,"column":25},"end":{"line":38,"column":42}},"15":{"start":{"line":39,"column":23},"end":{"line":39,"column":82}},"16":{"start":{"line":39,"column":65},"end":{"line":39,"column":81}},"17":{"start":{"line":41,"column":21},"end":{"line":45,"column":9}},"18":{"start":{"line":46,"column":8},"end":{"line":51,"column":9}},"19":{"start":{"line":47,"column":12},"end":{"line":47,"column":104}},"20":{"start":{"line":49,"column":12},"end":{"line":49,"column":95}},"21":{"start":{"line":50,"column":12},"end":{"line":50,"column":35}},"22":{"start":{"line":53,"column":19},"end":{"line":66,"column":5}},"23":{"start":{"line":55,"column":8},"end":{"line":65,"column":9}},"24":{"start":{"line":56,"column":29},"end":{"line":56,"column":108}},"25":{"start":{"line":57,"column":12},"end":{"line":61,"column":13}},"26":{"start":{"line":58,"column":16},"end":{"line":58,"column":24}},"27":{"start":{"line":60,"column":16},"end":{"line":60,"column":41}},"28":{"start":{"line":64,"column":12},"end":{"line":64,"column":28}},"29":{"start":{"line":68,"column":4},"end":{"line":394,"column":10}},"30":{"start":{"line":69,"column":27},"end":{"line":390,"column":9}},"31":{"start":{"line":70,"column":12},"end":{"line":389,"column":13}},"32":{"start":{"line":71,"column":30},"end":{"line":71,"column":34}},"33":{"start":{"line":72,"column":31},"end":{"line":72,"column":114}},"34":{"start":{"line":73,"column":16},"end":{"line":73,"column":45}},"35":{"start":{"line":74,"column":16},"end":{"line":74,"column":52}},"36":{"start":{"line":75,"column":16},"end":{"line":78,"column":116}},"37":{"start":{"line":76,"column":20},"end":{"line":76,"column":125}},"38":{"start":{"line":78,"column":20},"end":{"line":78,"column":116}},"39":{"start":{"line":79,"column":16},"end":{"line":79,"column":36}},"40":{"start":{"line":80,"column":16},"end":{"line":83,"column":17}},"41":{"start":{"line":81,"column":20},"end":{"line":81,"column":66}},"42":{"start":{"line":82,"column":20},"end":{"line":82,"column":32}},"43":{"start":{"line":84,"column":31},"end":{"line":376,"column":18}},"44":{"start":{"line":378,"column":16},"end":{"line":378,"column":56}},"45":{"start":{"line":379,"column":16},"end":{"line":379,"column":50}},"46":{"start":{"line":380,"column":31},"end":{"line":380,"column":50}},"47":{"start":{"line":381,"column":16},"end":{"line":383,"column":19}},"48":{"start":{"line":382,"column":20},"end":{"line":382,"column":51}},"49":{"start":{"line":384,"column":16},"end":{"line":384,"column":34}},"50":{"start":{"line":387,"column":16},"end":{"line":387,"column":32}},"51":{"start":{"line":388,"column":16},"end":{"line":388,"column":29}},"52":{"start":{"line":391,"column":8},"end":{"line":391,"column":21}},"53":{"start":{"line":396,"column":4},"end":{"line":535,"column":5}}},"fnMap":{"0":{"name":"Edit","decl":{"start":{"line":21,"column":9},"end":{"line":21,"column":13}},"loc":{"start":{"line":21,"column":16},"end":{"line":536,"column":1}},"line":21},"1":{"name":"(anonymous_1)","decl":{"start":{"line":35,"column":23},"end":{"line":35,"column":24}},"loc":{"start":{"line":35,"column":35},"end":{"line":52,"column":5}},"line":35},"2":{"name":"(anonymous_2)","decl":{"start":{"line":39,"column":56},"end":{"line":39,"column":57}},"loc":{"start":{"line":39,"column":65},"end":{"line":39,"column":81}},"line":39},"3":{"name":"(anonymous_3)","decl":{"start":{"line":53,"column":19},"end":{"line":53,"column":20}},"loc":{"start":{"line":53,"column":31},"end":{"line":66,"column":5}},"line":53},"4":{"name":"(anonymous_4)","decl":{"start":{"line":68,"column":14},"end":{"line":68,"column":15}},"loc":{"start":{"line":68,"column":20},"end":{"line":394,"column":5}},"line":68},"5":{"name":"(anonymous_5)","decl":{"start":{"line":69,"column":27},"end":{"line":69,"column":28}},"loc":{"start":{"line":69,"column":39},"end":{"line":390,"column":9}},"line":69},"6":{"name":"(anonymous_6)","decl":{"start":{"line":381,"column":31},"end":{"line":381,"column":32}},"loc":{"start":{"line":381,"column":42},"end":{"line":383,"column":17}},"line":381}},"branchMap":{"0":{"loc":{"start":{"line":31,"column":4},"end":{"line":33,"column":5}},"type":"if","locations":[{"start":{"line":31,"column":4},"end":{"line":33,"column":5}},{"start":{},"end":{}}],"line":31},"1":{"loc":{"start":{"line":46,"column":8},"end":{"line":51,"column":9}},"type":"if","locations":[{"start":{"line":46,"column":8},"end":{"line":51,"column":9}},{"start":{"line":48,"column":13},"end":{"line":51,"column":9}}],"line":46},"2":{"loc":{"start":{"line":57,"column":12},"end":{"line":61,"column":13}},"type":"if","locations":[{"start":{"line":57,"column":12},"end":{"line":61,"column":13}},{"start":{"line":59,"column":17},"end":{"line":61,"column":13}}],"line":57},"3":{"loc":{"start":{"line":75,"column":16},"end":{"line":78,"column":116}},"type":"if","locations":[{"start":{"line":75,"column":16},"end":{"line":78,"column":116}},{"start":{"line":78,"column":20},"end":{"line":78,"column":116}}],"line":75},"4":{"loc":{"start":{"line":80,"column":16},"end":{"line":83,"column":17}},"type":"if","locations":[{"start":{"line":80,"column":16},"end":{"line":83,"column":17}},{"start":{},"end":{}}],"line":80},"5":{"loc":{"start":{"line":80,"column":20},"end":{"line":80,"column":78}},"type":"binary-expr","locations":[{"start":{"line":80,"column":20},"end":{"line":80,"column":32}},{"start":{"line":80,"column":36},"end":{"line":80,"column":78}}],"line":80},"6":{"loc":{"start":{"line":398,"column":13},"end":{"line":531,"column":19}},"type":"cond-expr","locations":[{"start":{"line":399,"column":16},"end":{"line":404,"column":22}},{"start":{"line":406,"column":16},"end":{"line":531,"column":19}}],"line":398}},"s":{"0":5,"1":4,"2":4,"3":4,"4":4,"5":4,"6":4,"7":4,"8":4,"9":4,"10":0,"11":4,"12":0,"13":0,"14":0,"15":0,"16":0,"17":0,"18":0,"19":0,"20":0,"21":0,"22":4,"23":0,"24":0,"25":0,"26":0,"27":0,"28":0,"29":4,"30":4,"31":4,"32":4,"33":4,"34":0,"35":0,"36":0,"37":0,"38":0,"39":0,"40":0,"41":0,"42":0,"43":0,"44":0,"45":0,"46":0,"47":0,"48":0,"49":0,"50":0,"51":0,"52":4,"53":4},"f":{"0":5,"1":0,"2":0,"3":0,"4":4,"5":4,"6":0},"b":{"0":[0,4],"1":[0,0],"2":[0,0],"3":[0,0],"4":[0,0],"5":[0,0],"6":[0,4]},"_coverageSchema":"1a1c01bbd47fc00a2c39e90264f33305004495a9","hash":"a2d0a17e3d46dfb58741c58bac5c5af5e4d0d5e3"}
,"C:\\Hackethon_Frontend\\staticsitegenerator\\src\\Components\\Editor\\Editor.js": {"path":"C:\\Hackethon_Frontend\\staticsitegenerator\\src\\Components\\Editor\\Editor.js","statementMap":{"0":{"start":{"line":26,"column":21},"end":{"line":26,"column":34}},"1":{"start":{"line":27,"column":24},"end":{"line":27,"column":41}},"2":{"start":{"line":28,"column":16},"end":{"line":28,"column":29}},"3":{"start":{"line":29,"column":32},"end":{"line":29,"column":46}},"4":{"start":{"line":30,"column":32},"end":{"line":30,"column":46}},"5":{"start":{"line":31,"column":28},"end":{"line":31,"column":42}},"6":{"start":{"line":32,"column":42},"end":{"line":32,"column":56}},"7":{"start":{"line":33,"column":38},"end":{"line":33,"column":52}},"8":{"start":{"line":34,"column":28},"end":{"line":34,"column":40}},"9":{"start":{"line":35,"column":34},"end":{"line":35,"column":49}},"10":{"start":{"line":36,"column":32},"end":{"line":36,"column":46}},"11":{"start":{"line":37,"column":32},"end":{"line":37,"column":46}},"12":{"start":{"line":38,"column":33},"end":{"line":38,"column":48}},"13":{"start":{"line":39,"column":28},"end":{"line":39,"column":43}},"14":{"start":{"line":40,"column":42},"end":{"line":40,"column":54}},"15":{"start":{"line":43,"column":19},"end":{"line":43,"column":30}},"16":{"start":{"line":44,"column":23},"end":{"line":44,"column":64}},"17":{"start":{"line":44,"column":29},"end":{"line":44,"column":64}},"18":{"start":{"line":45,"column":21},"end":{"line":92,"column":5}},"19":{"start":{"line":46,"column":8},"end":{"line":46,"column":22}},"20":{"start":{"line":47,"column":24},"end":{"line":47,"column":40}},"21":{"start":{"line":48,"column":25},"end":{"line":48,"column":42}},"22":{"start":{"line":49,"column":21},"end":{"line":49,"column":37}},"23":{"start":{"line":50,"column":20},"end":{"line":50,"column":37}},"24":{"start":{"line":52,"column":23},"end":{"line":52,"column":82}},"25":{"start":{"line":52,"column":65},"end":{"line":52,"column":81}},"26":{"start":{"line":53,"column":25},"end":{"line":53,"column":39}},"27":{"start":{"line":54,"column":8},"end":{"line":54,"column":38}},"28":{"start":{"line":55,"column":8},"end":{"line":55,"column":52}},"29":{"start":{"line":56,"column":8},"end":{"line":56,"column":42}},"30":{"start":{"line":57,"column":8},"end":{"line":57,"column":38}},"31":{"start":{"line":58,"column":8},"end":{"line":58,"column":42}},"32":{"start":{"line":59,"column":8},"end":{"line":59,"column":47}},"33":{"start":{"line":60,"column":8},"end":{"line":60,"column":38}},"34":{"start":{"line":62,"column":8},"end":{"line":91,"column":9}},"35":{"start":{"line":63,"column":12},"end":{"line":86,"column":13}},"36":{"start":{"line":64,"column":16},"end":{"line":77,"column":17}},"37":{"start":{"line":65,"column":37},"end":{"line":65,"column":129}},"38":{"start":{"line":66,"column":20},"end":{"line":66,"column":44}},"39":{"start":{"line":67,"column":20},"end":{"line":67,"column":51}},"40":{"start":{"line":68,"column":20},"end":{"line":68,"column":41}},"41":{"start":{"line":69,"column":20},"end":{"line":69,"column":37}},"42":{"start":{"line":70,"column":20},"end":{"line":70,"column":41}},"43":{"start":{"line":74,"column":37},"end":{"line":74,"column":134}},"44":{"start":{"line":75,"column":20},"end":{"line":75,"column":43}},"45":{"start":{"line":76,"column":20},"end":{"line":76,"column":42}},"46":{"start":{"line":81,"column":16},"end":{"line":81,"column":37}},"47":{"start":{"line":82,"column":33},"end":{"line":84,"column":18}},"48":{"start":{"line":85,"column":16},"end":{"line":85,"column":39}},"49":{"start":{"line":89,"column":12},"end":{"line":89,"column":31}},"50":{"start":{"line":97,"column":4},"end":{"line":426,"column":10}},"51":{"start":{"line":98,"column":8},"end":{"line":99,"column":33}},"52":{"start":{"line":99,"column":12},"end":{"line":99,"column":33}},"53":{"start":{"line":100,"column":27},"end":{"line":424,"column":9}},"54":{"start":{"line":101,"column":12},"end":{"line":423,"column":13}},"55":{"start":{"line":103,"column":31},"end":{"line":103,"column":114}},"56":{"start":{"line":104,"column":16},"end":{"line":104,"column":45}},"57":{"start":{"line":105,"column":16},"end":{"line":105,"column":52}},"58":{"start":{"line":106,"column":31},"end":{"line":411,"column":18}},"59":{"start":{"line":412,"column":16},"end":{"line":414,"column":19}},"60":{"start":{"line":413,"column":20},"end":{"line":413,"column":45}},"61":{"start":{"line":415,"column":16},"end":{"line":415,"column":101}},"62":{"start":{"line":415,"column":66},"end":{"line":415,"column":97}},"63":{"start":{"line":418,"column":16},"end":{"line":418,"column":34}},"64":{"start":{"line":421,"column":16},"end":{"line":421,"column":32}},"65":{"start":{"line":425,"column":8},"end":{"line":425,"column":21}},"66":{"start":{"line":428,"column":21},"end":{"line":430,"column":5}},"67":{"start":{"line":429,"column":8},"end":{"line":429,"column":24}},"68":{"start":{"line":431,"column":19},"end":{"line":443,"column":5}},"69":{"start":{"line":432,"column":8},"end":{"line":442,"column":9}},"70":{"start":{"line":433,"column":29},"end":{"line":433,"column":108}},"71":{"start":{"line":434,"column":12},"end":{"line":438,"column":13}},"72":{"start":{"line":435,"column":16},"end":{"line":435,"column":24}},"73":{"start":{"line":437,"column":16},"end":{"line":437,"column":41}},"74":{"start":{"line":441,"column":12},"end":{"line":441,"column":28}},"75":{"start":{"line":444,"column":4},"end":{"line":618,"column":5}},"76":{"start":{"line":578,"column":129},"end":{"line":578,"column":152}},"77":{"start":{"line":586,"column":94},"end":{"line":586,"column":125}},"78":{"start":{"line":586,"column":126},"end":{"line":586,"column":157}},"79":{"start":{"line":594,"column":107},"end":{"line":594,"column":118}},"80":{"start":{"line":594,"column":119},"end":{"line":594,"column":131}}},"fnMap":{"0":{"name":"Editor","decl":{"start":{"line":25,"column":9},"end":{"line":25,"column":15}},"loc":{"start":{"line":25,"column":18},"end":{"line":619,"column":1}},"line":25},"1":{"name":"(anonymous_1)","decl":{"start":{"line":44,"column":23},"end":{"line":44,"column":24}},"loc":{"start":{"line":44,"column":29},"end":{"line":44,"column":64}},"line":44},"2":{"name":"(anonymous_2)","decl":{"start":{"line":45,"column":21},"end":{"line":45,"column":22}},"loc":{"start":{"line":45,"column":33},"end":{"line":92,"column":5}},"line":45},"3":{"name":"(anonymous_3)","decl":{"start":{"line":52,"column":56},"end":{"line":52,"column":57}},"loc":{"start":{"line":52,"column":65},"end":{"line":52,"column":81}},"line":52},"4":{"name":"(anonymous_4)","decl":{"start":{"line":97,"column":14},"end":{"line":97,"column":15}},"loc":{"start":{"line":97,"column":20},"end":{"line":426,"column":5}},"line":97},"5":{"name":"(anonymous_5)","decl":{"start":{"line":100,"column":27},"end":{"line":100,"column":28}},"loc":{"start":{"line":100,"column":39},"end":{"line":424,"column":9}},"line":100},"6":{"name":"(anonymous_6)","decl":{"start":{"line":412,"column":34},"end":{"line":412,"column":35}},"loc":{"start":{"line":412,"column":40},"end":{"line":414,"column":17}},"line":412},"7":{"name":"(anonymous_7)","decl":{"start":{"line":415,"column":48},"end":{"line":415,"column":49}},"loc":{"start":{"line":415,"column":64},"end":{"line":415,"column":99}},"line":415},"8":{"name":"(anonymous_8)","decl":{"start":{"line":428,"column":21},"end":{"line":428,"column":22}},"loc":{"start":{"line":428,"column":34},"end":{"line":430,"column":5}},"line":428},"9":{"name":"(anonymous_9)","decl":{"start":{"line":431,"column":19},"end":{"line":431,"column":20}},"loc":{"start":{"line":431,"column":31},"end":{"line":443,"column":5}},"line":431},"10":{"name":"(anonymous_10)","decl":{"start":{"line":578,"column":122},"end":{"line":578,"column":123}},"loc":{"start":{"line":578,"column":129},"end":{"line":578,"column":152}},"line":578},"11":{"name":"(anonymous_11)","decl":{"start":{"line":586,"column":85},"end":{"line":586,"column":86}},"loc":{"start":{"line":586,"column":92},"end":{"line":586,"column":159}},"line":586},"12":{"name":"(anonymous_12)","decl":{"start":{"line":594,"column":99},"end":{"line":594,"column":100}},"loc":{"start":{"line":594,"column":105},"end":{"line":594,"column":133}},"line":594}},"branchMap":{"0":{"loc":{"start":{"line":63,"column":12},"end":{"line":86,"column":13}},"type":"if","locations":[{"start":{"line":63,"column":12},"end":{"line":86,"column":13}},{"start":{"line":80,"column":17},"end":{"line":86,"column":13}}],"line":63},"1":{"loc":{"start":{"line":64,"column":16},"end":{"line":77,"column":17}},"type":"if","locations":[{"start":{"line":64,"column":16},"end":{"line":77,"column":17}},{"start":{"line":72,"column":21},"end":{"line":77,"column":17}}],"line":64},"2":{"loc":{"start":{"line":98,"column":8},"end":{"line":99,"column":33}},"type":"if","locations":[{"start":{"line":98,"column":8},"end":{"line":99,"column":33}},{"start":{},"end":{}}],"line":98},"3":{"loc":{"start":{"line":434,"column":12},"end":{"line":438,"column":13}},"type":"if","locations":[{"start":{"line":434,"column":12},"end":{"line":438,"column":13}},{"start":{"line":436,"column":17},"end":{"line":438,"column":13}}],"line":434},"4":{"loc":{"start":{"line":446,"column":13},"end":{"line":615,"column":19}},"type":"cond-expr","locations":[{"start":{"line":448,"column":16},"end":{"line":456,"column":22}},{"start":{"line":458,"column":16},"end":{"line":615,"column":19}}],"line":446},"5":{"loc":{"start":{"line":581,"column":49},"end":{"line":586,"column":198}},"type":"binary-expr","locations":[{"start":{"line":581,"column":49},"end":{"line":581,"column":62}},{"start":{"line":582,"column":52},"end":{"line":586,"column":198}}],"line":581},"6":{"loc":{"start":{"line":594,"column":145},"end":{"line":594,"column":173}},"type":"binary-expr","locations":[{"start":{"line":594,"column":145},"end":{"line":594,"column":157}},{"start":{"line":594,"column":161},"end":{"line":594,"column":173}}],"line":594}},"s":{"0":24,"1":23,"2":23,"3":23,"4":23,"5":23,"6":23,"7":23,"8":23,"9":23,"10":23,"11":23,"12":23,"13":23,"14":23,"15":23,"16":23,"17":0,"18":23,"19":0,"20":0,"21":0,"22":0,"23":0,"24":0,"25":0,"26":0,"27":0,"28":0,"29":0,"30":0,"31":0,"32":0,"33":0,"34":0,"35":0,"36":0,"37":0,"38":0,"39":0,"40":0,"41":0,"42":0,"43":0,"44":0,"45":0,"46":0,"47":0,"48":0,"49":0,"50":23,"51":11,"52":11,"53":11,"54":11,"55":11,"56":0,"57":0,"58":0,"59":0,"60":0,"61":0,"62":0,"63":0,"64":0,"65":11,"66":23,"67":0,"68":23,"69":0,"70":0,"71":0,"72":0,"73":0,"74":0,"75":23,"76":1,"77":0,"78":0,"79":0,"80":0},"f":{"0":24,"1":0,"2":0,"3":0,"4":11,"5":11,"6":0,"7":0,"8":0,"9":0,"10":1,"11":0,"12":0},"b":{"0":[0,0],"1":[0,0],"2":[11,0],"3":[0,0],"4":[0,23],"5":[23,12],"6":[23,1]},"_coverageSchema":"1a1c01bbd47fc00a2c39e90264f33305004495a9","hash":"1e4f119fd8b3976088c81994b862b9c257bf27c3"}
,"C:\\Hackethon_Frontend\\staticsitegenerator\\src\\Components\\Footer\\Footer.js": {"path":"C:\\Hackethon_Frontend\\staticsitegenerator\\src\\Components\\Footer\\Footer.js","statementMap":{"0":{"start":{"line":5,"column":4},"end":{"line":68,"column":5}}},"fnMap":{"0":{"name":"Footer","decl":{"start":{"line":4,"column":24},"end":{"line":4,"column":30}},"loc":{"start":{"line":4,"column":33},"end":{"line":69,"column":1}},"line":4}},"branchMap":{},"s":{"0":8},"f":{"0":8},"b":{},"_coverageSchema":"1a1c01bbd47fc00a2c39e90264f33305004495a9","hash":"c5ecdfae469096531424dbf824249d27056d57b4"}
,"C:\\Hackethon_Frontend\\staticsitegenerator\\src\\Components\\Home\\Home.js": {"path":"C:\\Hackethon_Frontend\\staticsitegenerator\\src\\Components\\Home\\Home.js","statementMap":{"0":{"start":{"line":25,"column":16},"end":{"line":25,"column":29}},"1":{"start":{"line":26,"column":23},"end":{"line":34,"column":5}},"2":{"start":{"line":27,"column":8},"end":{"line":33,"column":9}},"3":{"start":{"line":28,"column":27},"end":{"line":28,"column":110}},"4":{"start":{"line":29,"column":12},"end":{"line":29,"column":26}},"5":{"start":{"line":32,"column":12},"end":{"line":32,"column":25}},"6":{"start":{"line":37,"column":24},"end":{"line":39,"column":5}},"7":{"start":{"line":38,"column":8},"end":{"line":38,"column":31}},"8":{"start":{"line":40,"column":26},"end":{"line":42,"column":5}},"9":{"start":{"line":41,"column":8},"end":{"line":41,"column":33}},"10":{"start":{"line":43,"column":23},"end":{"line":45,"column":5}},"11":{"start":{"line":44,"column":8},"end":{"line":44,"column":36}},"12":{"start":{"line":46,"column":23},"end":{"line":48,"column":5}},"13":{"start":{"line":47,"column":8},"end":{"line":47,"column":36}},"14":{"start":{"line":49,"column":23},"end":{"line":51,"column":5}},"15":{"start":{"line":50,"column":8},"end":{"line":50,"column":30}},"16":{"start":{"line":52,"column":4},"end":{"line":298,"column":5}},"17":{"start":{"line":123,"column":85},"end":{"line":123,"column":98}},"18":{"start":{"line":129,"column":71},"end":{"line":129,"column":83}},"19":{"start":{"line":135,"column":65},"end":{"line":135,"column":77}},"20":{"start":{"line":141,"column":69},"end":{"line":141,"column":84}},"21":{"start":{"line":147,"column":66},"end":{"line":147,"column":78}}},"fnMap":{"0":{"name":"Home","decl":{"start":{"line":24,"column":9},"end":{"line":24,"column":13}},"loc":{"start":{"line":24,"column":16},"end":{"line":299,"column":1}},"line":24},"1":{"name":"(anonymous_1)","decl":{"start":{"line":26,"column":23},"end":{"line":26,"column":24}},"loc":{"start":{"line":26,"column":35},"end":{"line":34,"column":5}},"line":26},"2":{"name":"(anonymous_2)","decl":{"start":{"line":37,"column":24},"end":{"line":37,"column":25}},"loc":{"start":{"line":37,"column":30},"end":{"line":39,"column":5}},"line":37},"3":{"name":"(anonymous_3)","decl":{"start":{"line":40,"column":26},"end":{"line":40,"column":27}},"loc":{"start":{"line":40,"column":32},"end":{"line":42,"column":5}},"line":40},"4":{"name":"(anonymous_4)","decl":{"start":{"line":43,"column":23},"end":{"line":43,"column":24}},"loc":{"start":{"line":43,"column":29},"end":{"line":45,"column":5}},"line":43},"5":{"name":"(anonymous_5)","decl":{"start":{"line":46,"column":23},"end":{"line":46,"column":24}},"loc":{"start":{"line":46,"column":29},"end":{"line":48,"column":5}},"line":46},"6":{"name":"(anonymous_6)","decl":{"start":{"line":49,"column":23},"end":{"line":49,"column":24}},"loc":{"start":{"line":49,"column":29},"end":{"line":51,"column":5}},"line":49},"7":{"name":"(anonymous_7)","decl":{"start":{"line":123,"column":77},"end":{"line":123,"column":78}},"loc":{"start":{"line":123,"column":83},"end":{"line":123,"column":100}},"line":123},"8":{"name":"(anonymous_8)","decl":{"start":{"line":129,"column":63},"end":{"line":129,"column":64}},"loc":{"start":{"line":129,"column":69},"end":{"line":129,"column":85}},"line":129},"9":{"name":"(anonymous_9)","decl":{"start":{"line":135,"column":57},"end":{"line":135,"column":58}},"loc":{"start":{"line":135,"column":63},"end":{"line":135,"column":79}},"line":135},"10":{"name":"(anonymous_10)","decl":{"start":{"line":141,"column":61},"end":{"line":141,"column":62}},"loc":{"start":{"line":141,"column":67},"end":{"line":141,"column":86}},"line":141},"11":{"name":"(anonymous_11)","decl":{"start":{"line":147,"column":58},"end":{"line":147,"column":59}},"loc":{"start":{"line":147,"column":64},"end":{"line":147,"column":80}},"line":147}},"branchMap":{},"s":{"0":9,"1":7,"2":0,"3":0,"4":0,"5":0,"6":7,"7":0,"8":7,"9":0,"10":7,"11":0,"12":7,"13":0,"14":7,"15":0,"16":7,"17":0,"18":0,"19":0,"20":0,"21":0},"f":{"0":9,"1":0,"2":0,"3":0,"4":0,"5":0,"6":0,"7":0,"8":0,"9":0,"10":0,"11":0},"b":{},"_coverageSchema":"1a1c01bbd47fc00a2c39e90264f33305004495a9","hash":"2e135ac7d428834c703c74536ce4643a18c4802e"}
,"C:\\Hackethon_Frontend\\staticsitegenerator\\src\\Components\\Login\\SignUpIncomponent.js": {"path":"C:\\Hackethon_Frontend\\staticsitegenerator\\src\\Components\\Login\\SignUpIncomponent.js","statementMap":{"0":{"start":{"line":10,"column":19},"end":{"line":14,"column":1}},"1":{"start":{"line":15,"column":21},"end":{"line":18,"column":1}},"2":{"start":{"line":20,"column":16},"end":{"line":20,"column":29}},"3":{"start":{"line":21,"column":36},"end":{"line":21,"column":48}},"4":{"start":{"line":22,"column":32},"end":{"line":22,"column":46}},"5":{"start":{"line":23,"column":30},"end":{"line":23,"column":45}},"6":{"start":{"line":24,"column":32},"end":{"line":24,"column":47}},"7":{"start":{"line":25,"column":32},"end":{"line":25,"column":47}},"8":{"start":{"line":26,"column":26},"end":{"line":26,"column":46}},"9":{"start":{"line":27,"column":30},"end":{"line":27,"column":52}},"10":{"start":{"line":28,"column":27},"end":{"line":28,"column":39}},"11":{"start":{"line":29,"column":22},"end":{"line":29,"column":34}},"12":{"start":{"line":31,"column":22},"end":{"line":31,"column":66}},"13":{"start":{"line":31,"column":28},"end":{"line":31,"column":66}},"14":{"start":{"line":32,"column":24},"end":{"line":32,"column":69}},"15":{"start":{"line":32,"column":30},"end":{"line":32,"column":69}},"16":{"start":{"line":34,"column":21},"end":{"line":34,"column":62}},"17":{"start":{"line":34,"column":27},"end":{"line":34,"column":62}},"18":{"start":{"line":35,"column":24},"end":{"line":35,"column":76}},"19":{"start":{"line":35,"column":30},"end":{"line":35,"column":76}},"20":{"start":{"line":36,"column":29},"end":{"line":36,"column":84}},"21":{"start":{"line":36,"column":35},"end":{"line":36,"column":84}},"22":{"start":{"line":38,"column":25},"end":{"line":65,"column":5}},"23":{"start":{"line":39,"column":8},"end":{"line":39,"column":27}},"24":{"start":{"line":40,"column":8},"end":{"line":64,"column":9}},"25":{"start":{"line":41,"column":29},"end":{"line":46,"column":18}},"26":{"start":{"line":47,"column":12},"end":{"line":47,"column":34}},"27":{"start":{"line":48,"column":12},"end":{"line":53,"column":13}},"28":{"start":{"line":49,"column":16},"end":{"line":49,"column":30}},"29":{"start":{"line":52,"column":16},"end":{"line":52,"column":27}},"30":{"start":{"line":54,"column":12},"end":{"line":54,"column":26}},"31":{"start":{"line":57,"column":12},"end":{"line":57,"column":31}},"32":{"start":{"line":58,"column":12},"end":{"line":63,"column":13}},"33":{"start":{"line":59,"column":16},"end":{"line":59,"column":35}},"34":{"start":{"line":62,"column":16},"end":{"line":62,"column":27}},"35":{"start":{"line":67,"column":28},"end":{"line":92,"column":5}},"36":{"start":{"line":68,"column":8},"end":{"line":68,"column":27}},"37":{"start":{"line":70,"column":8},"end":{"line":91,"column":9}},"38":{"start":{"line":71,"column":29},"end":{"line":76,"column":18}},"39":{"start":{"line":77,"column":12},"end":{"line":77,"column":31}},"40":{"start":{"line":78,"column":12},"end":{"line":78,"column":24}},"41":{"start":{"line":79,"column":12},"end":{"line":79,"column":34}},"42":{"start":{"line":80,"column":12},"end":{"line":80,"column":25}},"43":{"start":{"line":84,"column":12},"end":{"line":84,"column":31}},"44":{"start":{"line":85,"column":12},"end":{"line":90,"column":13}},"45":{"start":{"line":86,"column":16},"end":{"line":86,"column":30}},"46":{"start":{"line":89,"column":16},"end":{"line":89,"column":27}},"47":{"start":{"line":93,"column":20},"end":{"line":97,"column":5}},"48":{"start":{"line":94,"column":8},"end":{"line":94,"column":24}},"49":{"start":{"line":94,"column":25},"end":{"line":94,"column":41}},"50":{"start":{"line":95,"column":23},"end":{"line":95,"column":92}},"51":{"start":{"line":96,"column":8},"end":{"line":96,"column":27}},"52":{"start":{"line":98,"column":22},"end":{"line":102,"column":5}},"53":{"start":{"line":99,"column":8},"end":{"line":99,"column":29}},"54":{"start":{"line":100,"column":25},"end":{"line":100,"column":127}},"55":{"start":{"line":101,"column":8},"end":{"line":101,"column":29}},"56":{"start":{"line":103,"column":4},"end":{"line":224,"column":5}},"57":{"start":{"line":120,"column":141},"end":{"line":120,"column":185}},"58":{"start":{"line":124,"column":122},"end":{"line":124,"column":163}},"59":{"start":{"line":127,"column":206},"end":{"line":127,"column":250}},"60":{"start":{"line":147,"column":79},"end":{"line":147,"column":94}},"61":{"start":{"line":165,"column":77},"end":{"line":165,"column":94}},"62":{"start":{"line":165,"column":95},"end":{"line":165,"column":111}},"63":{"start":{"line":182,"column":127},"end":{"line":182,"column":175}},"64":{"start":{"line":187,"column":131},"end":{"line":187,"column":179}},"65":{"start":{"line":190,"column":82},"end":{"line":190,"column":96}},"66":{"start":{"line":203,"column":132},"end":{"line":203,"column":159}},"67":{"start":{"line":213,"column":140},"end":{"line":213,"column":163}},"68":{"start":{"line":213,"column":164},"end":{"line":213,"column":180}}},"fnMap":{"0":{"name":"SignUpIncomponent","decl":{"start":{"line":19,"column":9},"end":{"line":19,"column":26}},"loc":{"start":{"line":19,"column":29},"end":{"line":225,"column":1}},"line":19},"1":{"name":"(anonymous_1)","decl":{"start":{"line":31,"column":22},"end":{"line":31,"column":23}},"loc":{"start":{"line":31,"column":28},"end":{"line":31,"column":66}},"line":31},"2":{"name":"(anonymous_2)","decl":{"start":{"line":32,"column":24},"end":{"line":32,"column":25}},"loc":{"start":{"line":32,"column":30},"end":{"line":32,"column":69}},"line":32},"3":{"name":"(anonymous_3)","decl":{"start":{"line":34,"column":21},"end":{"line":34,"column":22}},"loc":{"start":{"line":34,"column":27},"end":{"line":34,"column":62}},"line":34},"4":{"name":"(anonymous_4)","decl":{"start":{"line":35,"column":24},"end":{"line":35,"column":25}},"loc":{"start":{"line":35,"column":30},"end":{"line":35,"column":76}},"line":35},"5":{"name":"(anonymous_5)","decl":{"start":{"line":36,"column":29},"end":{"line":36,"column":30}},"loc":{"start":{"line":36,"column":35},"end":{"line":36,"column":84}},"line":36},"6":{"name":"(anonymous_6)","decl":{"start":{"line":38,"column":25},"end":{"line":38,"column":26}},"loc":{"start":{"line":38,"column":38},"end":{"line":65,"column":5}},"line":38},"7":{"name":"(anonymous_7)","decl":{"start":{"line":67,"column":28},"end":{"line":67,"column":29}},"loc":{"start":{"line":67,"column":41},"end":{"line":92,"column":5}},"line":67},"8":{"name":"(anonymous_8)","decl":{"start":{"line":93,"column":20},"end":{"line":93,"column":21}},"loc":{"start":{"line":93,"column":32},"end":{"line":97,"column":5}},"line":93},"9":{"name":"(anonymous_9)","decl":{"start":{"line":98,"column":22},"end":{"line":98,"column":23}},"loc":{"start":{"line":98,"column":34},"end":{"line":102,"column":5}},"line":98},"10":{"name":"(anonymous_10)","decl":{"start":{"line":120,"column":134},"end":{"line":120,"column":135}},"loc":{"start":{"line":120,"column":141},"end":{"line":120,"column":185}},"line":120},"11":{"name":"(anonymous_11)","decl":{"start":{"line":124,"column":115},"end":{"line":124,"column":116}},"loc":{"start":{"line":124,"column":122},"end":{"line":124,"column":163}},"line":124},"12":{"name":"(anonymous_12)","decl":{"start":{"line":127,"column":199},"end":{"line":127,"column":200}},"loc":{"start":{"line":127,"column":206},"end":{"line":127,"column":250}},"line":127},"13":{"name":"(anonymous_13)","decl":{"start":{"line":147,"column":73},"end":{"line":147,"column":74}},"loc":{"start":{"line":147,"column":79},"end":{"line":147,"column":94}},"line":147},"14":{"name":"(anonymous_14)","decl":{"start":{"line":165,"column":69},"end":{"line":165,"column":70}},"loc":{"start":{"line":165,"column":75},"end":{"line":165,"column":113}},"line":165},"15":{"name":"(anonymous_15)","decl":{"start":{"line":182,"column":120},"end":{"line":182,"column":121}},"loc":{"start":{"line":182,"column":127},"end":{"line":182,"column":175}},"line":182},"16":{"name":"(anonymous_16)","decl":{"start":{"line":187,"column":124},"end":{"line":187,"column":125}},"loc":{"start":{"line":187,"column":131},"end":{"line":187,"column":179}},"line":187},"17":{"name":"(anonymous_17)","decl":{"start":{"line":190,"column":76},"end":{"line":190,"column":77}},"loc":{"start":{"line":190,"column":82},"end":{"line":190,"column":96}},"line":190},"18":{"name":"(anonymous_18)","decl":{"start":{"line":203,"column":123},"end":{"line":203,"column":124}},"loc":{"start":{"line":203,"column":130},"end":{"line":203,"column":161}},"line":203},"19":{"name":"(anonymous_19)","decl":{"start":{"line":213,"column":131},"end":{"line":213,"column":132}},"loc":{"start":{"line":213,"column":138},"end":{"line":213,"column":182}},"line":213}},"branchMap":{"0":{"loc":{"start":{"line":48,"column":12},"end":{"line":53,"column":13}},"type":"if","locations":[{"start":{"line":48,"column":12},"end":{"line":53,"column":13}},{"start":{"line":51,"column":17},"end":{"line":53,"column":13}}],"line":48},"1":{"loc":{"start":{"line":58,"column":12},"end":{"line":63,"column":13}},"type":"if","locations":[{"start":{"line":58,"column":12},"end":{"line":63,"column":13}},{"start":{"line":61,"column":17},"end":{"line":63,"column":13}}],"line":58},"2":{"loc":{"start":{"line":85,"column":12},"end":{"line":90,"column":13}},"type":"if","locations":[{"start":{"line":85,"column":12},"end":{"line":90,"column":13}},{"start":{"line":88,"column":17},"end":{"line":90,"column":13}}],"line":85},"3":{"loc":{"start":{"line":106,"column":17},"end":{"line":152,"column":17}},"type":"binary-expr","locations":[{"start":{"line":106,"column":17},"end":{"line":106,"column":23}},{"start":{"line":106,"column":27},"end":{"line":106,"column":34}},{"start":{"line":107,"column":20},"end":{"line":151,"column":23}}],"line":106},"4":{"loc":{"start":{"line":154,"column":17},"end":{"line":221,"column":17}},"type":"binary-expr","locations":[{"start":{"line":154,"column":17},"end":{"line":154,"column":23}},{"start":{"line":154,"column":28},"end":{"line":220,"column":19}}],"line":154},"5":{"loc":{"start":{"line":169,"column":21},"end":{"line":197,"column":30}},"type":"binary-expr","locations":[{"start":{"line":169,"column":21},"end":{"line":169,"column":27}},{"start":{"line":169,"column":31},"end":{"line":169,"column":38}},{"start":{"line":170,"column":24},"end":{"line":197,"column":30}}],"line":169},"6":{"loc":{"start":{"line":199,"column":21},"end":{"line":207,"column":30}},"type":"binary-expr","locations":[{"start":{"line":199,"column":21},"end":{"line":199,"column":26}},{"start":{"line":200,"column":24},"end":{"line":207,"column":30}}],"line":199},"7":{"loc":{"start":{"line":209,"column":21},"end":{"line":217,"column":30}},"type":"binary-expr","locations":[{"start":{"line":209,"column":21},"end":{"line":209,"column":27}},{"start":{"line":210,"column":24},"end":{"line":217,"column":30}}],"line":209}},"s":{"0":2,"1":2,"2":10,"3":10,"4":10,"5":10,"6":10,"7":10,"8":10,"9":10,"10":10,"11":10,"12":10,"13":0,"14":10,"15":0,"16":10,"17":0,"18":10,"19":0,"20":10,"21":0,"22":10,"23":0,"24":0,"25":0,"26":0,"27":0,"28":0,"29":0,"30":0,"31":0,"32":0,"33":0,"34":0,"35":10,"36":0,"37":0,"38":0,"39":0,"40":0,"41":0,"42":0,"43":0,"44":0,"45":0,"46":0,"47":10,"48":0,"49":0,"50":0,"51":0,"52":10,"53":0,"54":0,"55":0,"56":10,"57":0,"58":0,"59":0,"60":0,"61":0,"62":0,"63":1,"64":1,"65":0,"66":0,"67":0,"68":0},"f":{"0":10,"1":0,"2":0,"3":0,"4":0,"5":0,"6":0,"7":0,"8":0,"9":0,"10":0,"11":0,"12":0,"13":0,"14":0,"15":1,"16":1,"17":0,"18":0,"19":0},"b":{"0":[0,0],"1":[0,0],"2":[0,0],"3":[10,10,0],"4":[10,10],"5":[10,10,10],"6":[10,0],"7":[10,0]},"_coverageSchema":"1a1c01bbd47fc00a2c39e90264f33305004495a9","hash":"0e2381e06bc93c2d6d76fea413c3687406d7bf6a"}
,"C:\\Hackethon_Frontend\\staticsitegenerator\\src\\Components\\Navbar\\Navbar.js": {"path":"C:\\Hackethon_Frontend\\staticsitegenerator\\src\\Components\\Navbar\\Navbar.js","statementMap":{"0":{"start":{"line":8,"column":32},"end":{"line":8,"column":47}},"1":{"start":{"line":9,"column":21},"end":{"line":9,"column":32}},"2":{"start":{"line":10,"column":39},"end":{"line":10,"column":53}},"3":{"start":{"line":12,"column":15},"end":{"line":12,"column":26}},"4":{"start":{"line":13,"column":19},"end":{"line":13,"column":32}},"5":{"start":{"line":14,"column":23},"end":{"line":25,"column":5}},"6":{"start":{"line":15,"column":8},"end":{"line":24,"column":9}},"7":{"start":{"line":16,"column":27},"end":{"line":16,"column":110}},"8":{"start":{"line":17,"column":12},"end":{"line":17,"column":38}},"9":{"start":{"line":18,"column":12},"end":{"line":18,"column":49}},"10":{"start":{"line":20,"column":12},"end":{"line":20,"column":27}},"11":{"start":{"line":23,"column":12},"end":{"line":23,"column":28}},"12":{"start":{"line":26,"column":17},"end":{"line":38,"column":5}},"13":{"start":{"line":27,"column":8},"end":{"line":37,"column":9}},"14":{"start":{"line":28,"column":27},"end":{"line":28,"column":102}},"15":{"start":{"line":29,"column":12},"end":{"line":33,"column":13}},"16":{"start":{"line":30,"column":12},"end":{"line":30,"column":25}},"17":{"start":{"line":32,"column":16},"end":{"line":32,"column":41}},"18":{"start":{"line":36,"column":12},"end":{"line":36,"column":28}},"19":{"start":{"line":39,"column":4},"end":{"line":41,"column":10}},"20":{"start":{"line":40,"column":8},"end":{"line":40,"column":21}},"21":{"start":{"line":42,"column":4},"end":{"line":84,"column":5}}},"fnMap":{"0":{"name":"Navbar","decl":{"start":{"line":7,"column":9},"end":{"line":7,"column":15}},"loc":{"start":{"line":7,"column":18},"end":{"line":85,"column":1}},"line":7},"1":{"name":"(anonymous_1)","decl":{"start":{"line":14,"column":23},"end":{"line":14,"column":24}},"loc":{"start":{"line":14,"column":35},"end":{"line":25,"column":5}},"line":14},"2":{"name":"(anonymous_2)","decl":{"start":{"line":26,"column":17},"end":{"line":26,"column":18}},"loc":{"start":{"line":26,"column":26},"end":{"line":38,"column":5}},"line":26},"3":{"name":"(anonymous_3)","decl":{"start":{"line":39,"column":14},"end":{"line":39,"column":15}},"loc":{"start":{"line":39,"column":20},"end":{"line":41,"column":5}},"line":39}},"branchMap":{"0":{"loc":{"start":{"line":29,"column":12},"end":{"line":33,"column":13}},"type":"if","locations":[{"start":{"line":29,"column":12},"end":{"line":33,"column":13}},{"start":{"line":31,"column":16},"end":{"line":33,"column":13}}],"line":29},"1":{"loc":{"start":{"line":61,"column":29},"end":{"line":75,"column":37}},"type":"cond-expr","locations":[{"start":{"line":62,"column":35},"end":{"line":72,"column":38}},{"start":{"line":73,"column":35},"end":{"line":75,"column":37}}],"line":61}},"s":{"0":22,"1":18,"2":18,"3":18,"4":18,"5":18,"6":13,"7":13,"8":0,"9":0,"10":0,"11":0,"12":18,"13":0,"14":0,"15":0,"16":0,"17":0,"18":0,"19":18,"20":13,"21":18},"f":{"0":22,"1":13,"2":0,"3":13},"b":{"0":[0,0],"1":[0,18]},"_coverageSchema":"1a1c01bbd47fc00a2c39e90264f33305004495a9","hash":"9f2d2820b2be3f55038a30fe02c9aaeada694640"}
,"C:\\Hackethon_Frontend\\staticsitegenerator\\src\\Components\\Template\\StoreTemplate.js": {"path":"C:\\Hackethon_Frontend\\staticsitegenerator\\src\\Components\\Template\\StoreTemplate.js","statementMap":{"0":{"start":{"line":10,"column":38},"end":{"line":10,"column":52}},"1":{"start":{"line":11,"column":38},"end":{"line":11,"column":52}},"2":{"start":{"line":13,"column":21},"end":{"line":13,"column":32}},"3":{"start":{"line":14,"column":32},"end":{"line":14,"column":46}},"4":{"start":{"line":15,"column":28},"end":{"line":15,"column":43}},"5":{"start":{"line":17,"column":16},"end":{"line":17,"column":29}},"6":{"start":{"line":18,"column":22},"end":{"line":20,"column":5}},"7":{"start":{"line":19,"column":8},"end":{"line":19,"column":30}},"8":{"start":{"line":21,"column":25},"end":{"line":23,"column":5}},"9":{"start":{"line":22,"column":8},"end":{"line":22,"column":37}},"10":{"start":{"line":24,"column":4},"end":{"line":39,"column":10}},"11":{"start":{"line":25,"column":34},"end":{"line":37,"column":9}},"12":{"start":{"line":26,"column":12},"end":{"line":36,"column":13}},"13":{"start":{"line":27,"column":16},"end":{"line":27,"column":30}},"14":{"start":{"line":28,"column":33},"end":{"line":28,"column":91}},"15":{"start":{"line":29,"column":16},"end":{"line":29,"column":37}},"16":{"start":{"line":30,"column":16},"end":{"line":30,"column":44}},"17":{"start":{"line":33,"column":16},"end":{"line":33,"column":32}},"18":{"start":{"line":35,"column":16},"end":{"line":35,"column":31}},"19":{"start":{"line":38,"column":8},"end":{"line":38,"column":28}},"20":{"start":{"line":41,"column":4},"end":{"line":83,"column":5}},"21":{"start":{"line":58,"column":73},"end":{"line":58,"column":85}},"22":{"start":{"line":62,"column":28},"end":{"line":62,"column":49}},"23":{"start":{"line":63,"column":28},"end":{"line":76,"column":29}},"24":{"start":{"line":70,"column":123},"end":{"line":70,"column":154}}},"fnMap":{"0":{"name":"StoreTemplate","decl":{"start":{"line":9,"column":9},"end":{"line":9,"column":22}},"loc":{"start":{"line":9,"column":25},"end":{"line":84,"column":1}},"line":9},"1":{"name":"(anonymous_1)","decl":{"start":{"line":18,"column":22},"end":{"line":18,"column":23}},"loc":{"start":{"line":18,"column":28},"end":{"line":20,"column":5}},"line":18},"2":{"name":"(anonymous_2)","decl":{"start":{"line":21,"column":25},"end":{"line":21,"column":26}},"loc":{"start":{"line":21,"column":37},"end":{"line":23,"column":5}},"line":21},"3":{"name":"(anonymous_3)","decl":{"start":{"line":24,"column":14},"end":{"line":24,"column":15}},"loc":{"start":{"line":24,"column":20},"end":{"line":39,"column":5}},"line":24},"4":{"name":"(anonymous_4)","decl":{"start":{"line":25,"column":34},"end":{"line":25,"column":35}},"loc":{"start":{"line":25,"column":46},"end":{"line":37,"column":9}},"line":25},"5":{"name":"(anonymous_5)","decl":{"start":{"line":58,"column":65},"end":{"line":58,"column":66}},"loc":{"start":{"line":58,"column":71},"end":{"line":58,"column":87}},"line":58},"6":{"name":"(anonymous_6)","decl":{"start":{"line":61,"column":52},"end":{"line":61,"column":53}},"loc":{"start":{"line":61,"column":64},"end":{"line":77,"column":25}},"line":61},"7":{"name":"(anonymous_7)","decl":{"start":{"line":70,"column":115},"end":{"line":70,"column":116}},"loc":{"start":{"line":70,"column":121},"end":{"line":70,"column":156}},"line":70}},"branchMap":{"0":{"loc":{"start":{"line":44,"column":13},"end":{"line":80,"column":19}},"type":"cond-expr","locations":[{"start":{"line":46,"column":16},"end":{"line":54,"column":22}},{"start":{"line":56,"column":16},"end":{"line":80,"column":19}}],"line":44},"1":{"loc":{"start":{"line":61,"column":25},"end":{"line":77,"column":26}},"type":"binary-expr","locations":[{"start":{"line":61,"column":25},"end":{"line":61,"column":34}},{"start":{"line":61,"column":38},"end":{"line":77,"column":26}}],"line":61}},"s":{"0":7,"1":6,"2":6,"3":6,"4":6,"5":6,"6":6,"7":0,"8":6,"9":0,"10":6,"11":3,"12":3,"13":3,"14":3,"15":0,"16":0,"17":0,"18":0,"19":3,"20":6,"21":0,"22":0,"23":0,"24":0},"f":{"0":7,"1":0,"2":0,"3":3,"4":3,"5":0,"6":0,"7":0},"b":{"0":[3,3],"1":[3,0]},"_coverageSchema":"1a1c01bbd47fc00a2c39e90264f33305004495a9","hash":"3e022c37d90eaeb68170d4246451431cb8f1cbf2"}
,"C:\\Hackethon_Frontend\\staticsitegenerator\\src\\Components\\Template\\Template.js": {"path":"C:\\Hackethon_Frontend\\staticsitegenerator\\src\\Components\\Template\\Template.js","statementMap":{"0":{"start":{"line":11,"column":19},"end":{"line":11,"column":32}},"1":{"start":{"line":12,"column":27},"end":{"line":12,"column":41}},"2":{"start":{"line":13,"column":17},"end":{"line":13,"column":28}},"3":{"start":{"line":15,"column":15},"end":{"line":26,"column":2}},"4":{"start":{"line":16,"column":20},"end":{"line":16,"column":36}},"5":{"start":{"line":17,"column":21},"end":{"line":17,"column":38}},"6":{"start":{"line":18,"column":18},"end":{"line":18,"column":77}},"7":{"start":{"line":18,"column":60},"end":{"line":18,"column":76}},"8":{"start":{"line":19,"column":15},"end":{"line":23,"column":5}},"9":{"start":{"line":24,"column":21},"end":{"line":24,"column":82}},"10":{"start":{"line":25,"column":4},"end":{"line":25,"column":27}},"11":{"start":{"line":28,"column":4},"end":{"line":409,"column":9}},"12":{"start":{"line":29,"column":25},"end":{"line":405,"column":9}},"13":{"start":{"line":30,"column":12},"end":{"line":404,"column":13}},"14":{"start":{"line":31,"column":25},"end":{"line":31,"column":108}},"15":{"start":{"line":32,"column":26},"end":{"line":32,"column":120}},"16":{"start":{"line":33,"column":27},"end":{"line":391,"column":14}},"17":{"start":{"line":393,"column":5},"end":{"line":393,"column":45}},"18":{"start":{"line":394,"column":6},"end":{"line":394,"column":40}},"19":{"start":{"line":395,"column":18},"end":{"line":395,"column":37}},"20":{"start":{"line":396,"column":6},"end":{"line":398,"column":9}},"21":{"start":{"line":397,"column":8},"end":{"line":397,"column":39}},"22":{"start":{"line":399,"column":14},"end":{"line":399,"column":32}},"23":{"start":{"line":402,"column":16},"end":{"line":402,"column":32}},"24":{"start":{"line":403,"column":19},"end":{"line":403,"column":37}},"25":{"start":{"line":406,"column":8},"end":{"line":406,"column":21}},"26":{"start":{"line":411,"column":4},"end":{"line":580,"column":5}}},"fnMap":{"0":{"name":"Template","decl":{"start":{"line":10,"column":9},"end":{"line":10,"column":17}},"loc":{"start":{"line":10,"column":20},"end":{"line":581,"column":1}},"line":10},"1":{"name":"(anonymous_1)","decl":{"start":{"line":15,"column":15},"end":{"line":15,"column":16}},"loc":{"start":{"line":15,"column":24},"end":{"line":26,"column":2}},"line":15},"2":{"name":"(anonymous_2)","decl":{"start":{"line":18,"column":51},"end":{"line":18,"column":52}},"loc":{"start":{"line":18,"column":60},"end":{"line":18,"column":76}},"line":18},"3":{"name":"(anonymous_3)","decl":{"start":{"line":28,"column":14},"end":{"line":28,"column":15}},"loc":{"start":{"line":28,"column":20},"end":{"line":409,"column":5}},"line":28},"4":{"name":"(anonymous_4)","decl":{"start":{"line":29,"column":25},"end":{"line":29,"column":26}},"loc":{"start":{"line":29,"column":34},"end":{"line":405,"column":9}},"line":29},"5":{"name":"(anonymous_5)","decl":{"start":{"line":396,"column":21},"end":{"line":396,"column":22}},"loc":{"start":{"line":396,"column":32},"end":{"line":398,"column":7}},"line":396}},"branchMap":{},"s":{"0":1,"1":1,"2":1,"3":1,"4":0,"5":0,"6":0,"7":0,"8":0,"9":0,"10":0,"11":1,"12":1,"13":1,"14":1,"15":0,"16":0,"17":0,"18":0,"19":0,"20":0,"21":0,"22":0,"23":0,"24":0,"25":1,"26":1},"f":{"0":1,"1":0,"2":0,"3":1,"4":1,"5":0},"b":{},"_coverageSchema":"1a1c01bbd47fc00a2c39e90264f33305004495a9","hash":"71981604a651479c6f59dca331d79564a6ee4c7f"}
,"C:\\Hackethon_Frontend\\staticsitegenerator\\src\\Components\\Template\\UseTemplates.jsx": {"path":"C:\\Hackethon_Frontend\\staticsitegenerator\\src\\Components\\Template\\UseTemplates.jsx","statementMap":{"0":{"start":{"line":13,"column":19},"end":{"line":13,"column":32}},"1":{"start":{"line":14,"column":27},"end":{"line":14,"column":41}},"2":{"start":{"line":15,"column":17},"end":{"line":15,"column":28}},"3":{"start":{"line":16,"column":21},"end":{"line":16,"column":62}},"4":{"start":{"line":16,"column":27},"end":{"line":16,"column":62}},"5":{"start":{"line":18,"column":15},"end":{"line":29,"column":2}},"6":{"start":{"line":19,"column":20},"end":{"line":19,"column":36}},"7":{"start":{"line":20,"column":21},"end":{"line":20,"column":38}},"8":{"start":{"line":21,"column":18},"end":{"line":21,"column":77}},"9":{"start":{"line":21,"column":60},"end":{"line":21,"column":76}},"10":{"start":{"line":22,"column":15},"end":{"line":26,"column":5}},"11":{"start":{"line":27,"column":21},"end":{"line":27,"column":82}},"12":{"start":{"line":28,"column":4},"end":{"line":28,"column":27}},"13":{"start":{"line":31,"column":4},"end":{"line":414,"column":9}},"14":{"start":{"line":32,"column":25},"end":{"line":410,"column":9}},"15":{"start":{"line":33,"column":12},"end":{"line":409,"column":13}},"16":{"start":{"line":34,"column":25},"end":{"line":34,"column":108}},"17":{"start":{"line":35,"column":26},"end":{"line":35,"column":120}},"18":{"start":{"line":36,"column":27},"end":{"line":396,"column":14}},"19":{"start":{"line":398,"column":5},"end":{"line":398,"column":45}},"20":{"start":{"line":399,"column":6},"end":{"line":399,"column":40}},"21":{"start":{"line":400,"column":18},"end":{"line":400,"column":37}},"22":{"start":{"line":401,"column":6},"end":{"line":403,"column":9}},"23":{"start":{"line":402,"column":8},"end":{"line":402,"column":39}},"24":{"start":{"line":404,"column":14},"end":{"line":404,"column":32}},"25":{"start":{"line":407,"column":16},"end":{"line":407,"column":32}},"26":{"start":{"line":408,"column":19},"end":{"line":408,"column":37}},"27":{"start":{"line":411,"column":8},"end":{"line":411,"column":21}},"28":{"start":{"line":416,"column":4},"end":{"line":579,"column":5}},"29":{"start":{"line":521,"column":58},"end":{"line":521,"column":69}},"30":{"start":{"line":521,"column":69},"end":{"line":521,"column":81}}},"fnMap":{"0":{"name":"UseTemplate","decl":{"start":{"line":12,"column":9},"end":{"line":12,"column":20}},"loc":{"start":{"line":12,"column":23},"end":{"line":580,"column":1}},"line":12},"1":{"name":"(anonymous_1)","decl":{"start":{"line":16,"column":21},"end":{"line":16,"column":22}},"loc":{"start":{"line":16,"column":27},"end":{"line":16,"column":62}},"line":16},"2":{"name":"(anonymous_2)","decl":{"start":{"line":18,"column":15},"end":{"line":18,"column":16}},"loc":{"start":{"line":18,"column":24},"end":{"line":29,"column":2}},"line":18},"3":{"name":"(anonymous_3)","decl":{"start":{"line":21,"column":51},"end":{"line":21,"column":52}},"loc":{"start":{"line":21,"column":60},"end":{"line":21,"column":76}},"line":21},"4":{"name":"(anonymous_4)","decl":{"start":{"line":31,"column":14},"end":{"line":31,"column":15}},"loc":{"start":{"line":31,"column":20},"end":{"line":414,"column":5}},"line":31},"5":{"name":"(anonymous_5)","decl":{"start":{"line":32,"column":25},"end":{"line":32,"column":26}},"loc":{"start":{"line":32,"column":34},"end":{"line":410,"column":9}},"line":32},"6":{"name":"(anonymous_6)","decl":{"start":{"line":401,"column":21},"end":{"line":401,"column":22}},"loc":{"start":{"line":401,"column":32},"end":{"line":403,"column":7}},"line":401},"7":{"name":"(anonymous_7)","decl":{"start":{"line":521,"column":53},"end":{"line":521,"column":54}},"loc":{"start":{"line":521,"column":57},"end":{"line":521,"column":82}},"line":521}},"branchMap":{},"s":{"0":3,"1":2,"2":2,"3":2,"4":0,"5":2,"6":0,"7":0,"8":0,"9":0,"10":0,"11":0,"12":0,"13":2,"14":2,"15":2,"16":2,"17":0,"18":0,"19":0,"20":0,"21":0,"22":0,"23":0,"24":0,"25":0,"26":0,"27":2,"28":2,"29":0,"30":0},"f":{"0":3,"1":0,"2":0,"3":0,"4":2,"5":2,"6":0,"7":0},"b":{},"_coverageSchema":"1a1c01bbd47fc00a2c39e90264f33305004495a9","hash":"c671680e9d58df6c7c44166136526ffcf8f47c39"}
,"C:\\Hackethon_Frontend\\staticsitegenerator\\src\\Components\\allPages\\AllPages.js": {"path":"C:\\Hackethon_Frontend\\staticsitegenerator\\src\\Components\\allPages\\AllPages.js","statementMap":{"0":{"start":{"line":10,"column":35},"end":{"line":10,"column":49}},"1":{"start":{"line":11,"column":28},"end":{"line":11,"column":42}},"2":{"start":{"line":12,"column":26},"end":{"line":12,"column":38}},"3":{"start":{"line":13,"column":28},"end":{"line":13,"column":43}},"4":{"start":{"line":15,"column":19},"end":{"line":15,"column":30}},"5":{"start":{"line":16,"column":23},"end":{"line":27,"column":5}},"6":{"start":{"line":17,"column":8},"end":{"line":25,"column":9}},"7":{"start":{"line":18,"column":12},"end":{"line":24,"column":13}},"8":{"start":{"line":19,"column":33},"end":{"line":19,"column":131}},"9":{"start":{"line":20,"column":16},"end":{"line":20,"column":33}},"10":{"start":{"line":23,"column":16},"end":{"line":23,"column":33}},"11":{"start":{"line":31,"column":4},"end":{"line":48,"column":10}},"12":{"start":{"line":32,"column":24},"end":{"line":46,"column":9}},"13":{"start":{"line":33,"column":12},"end":{"line":45,"column":13}},"14":{"start":{"line":34,"column":16},"end":{"line":34,"column":30}},"15":{"start":{"line":35,"column":33},"end":{"line":35,"column":120}},"16":{"start":{"line":36,"column":16},"end":{"line":36,"column":37}},"17":{"start":{"line":37,"column":16},"end":{"line":37,"column":50}},"18":{"start":{"line":38,"column":16},"end":{"line":38,"column":43}},"19":{"start":{"line":41,"column":16},"end":{"line":41,"column":35}},"20":{"start":{"line":44,"column":16},"end":{"line":44,"column":31}},"21":{"start":{"line":47,"column":8},"end":{"line":47,"column":18}},"22":{"start":{"line":54,"column":4},"end":{"line":145,"column":5}},"23":{"start":{"line":111,"column":28},"end":{"line":111,"column":46}},"24":{"start":{"line":112,"column":28},"end":{"line":137,"column":39}},"25":{"start":{"line":128,"column":91},"end":{"line":128,"column":111}}},"fnMap":{"0":{"name":"AllPages","decl":{"start":{"line":8,"column":9},"end":{"line":8,"column":17}},"loc":{"start":{"line":8,"column":20},"end":{"line":146,"column":1}},"line":8},"1":{"name":"(anonymous_1)","decl":{"start":{"line":16,"column":23},"end":{"line":16,"column":24}},"loc":{"start":{"line":16,"column":43},"end":{"line":27,"column":5}},"line":16},"2":{"name":"(anonymous_2)","decl":{"start":{"line":31,"column":15},"end":{"line":31,"column":16}},"loc":{"start":{"line":31,"column":21},"end":{"line":48,"column":5}},"line":31},"3":{"name":"(anonymous_3)","decl":{"start":{"line":32,"column":24},"end":{"line":32,"column":25}},"loc":{"start":{"line":32,"column":36},"end":{"line":46,"column":9}},"line":32},"4":{"name":"(anonymous_4)","decl":{"start":{"line":110,"column":48},"end":{"line":110,"column":49}},"loc":{"start":{"line":110,"column":58},"end":{"line":138,"column":25}},"line":110},"5":{"name":"(anonymous_5)","decl":{"start":{"line":128,"column":83},"end":{"line":128,"column":84}},"loc":{"start":{"line":128,"column":89},"end":{"line":128,"column":113}},"line":128}},"branchMap":{"0":{"loc":{"start":{"line":17,"column":8},"end":{"line":25,"column":9}},"type":"if","locations":[{"start":{"line":17,"column":8},"end":{"line":25,"column":9}},{"start":{},"end":{}}],"line":17},"1":{"loc":{"start":{"line":57,"column":13},"end":{"line":142,"column":19}},"type":"cond-expr","locations":[{"start":{"line":59,"column":16},"end":{"line":67,"column":22}},{"start":{"line":69,"column":16},"end":{"line":142,"column":19}}],"line":57},"2":{"loc":{"start":{"line":110,"column":25},"end":{"line":138,"column":26}},"type":"binary-expr","locations":[{"start":{"line":110,"column":25},"end":{"line":110,"column":32}},{"start":{"line":110,"column":36},"end":{"line":138,"column":26}}],"line":110}},"s":{"0":11,"1":10,"2":10,"3":10,"4":10,"5":10,"6":0,"7":0,"8":0,"9":0,"10":0,"11":10,"12":5,"13":5,"14":5,"15":5,"16":0,"17":0,"18":0,"19":0,"20":0,"21":5,"22":10,"23":0,"24":0,"25":0},"f":{"0":11,"1":0,"2":5,"3":5,"4":0,"5":0},"b":{"0":[0,0],"1":[5,5],"2":[5,0]},"_coverageSchema":"1a1c01bbd47fc00a2c39e90264f33305004495a9","hash":"49be942579a0c694a52fb32ee198b07d454d00ea"}
}
