TN:
SF:src\App.js
FN:12,App
FNF:1
FNH:1
FNDA:2,App
DA:13,2
LF:1
LH:1
BRF:0
BRH:0
end_of_record
TN:
SF:src\Components\Edit\Edit.jsx
FN:21,Edit
FN:35,(anonymous_1)
FN:39,(anonymous_2)
FN:53,(anonymous_3)
FN:68,(anonymous_4)
FN:69,(anonymous_5)
FN:381,(anonymous_6)
FNF:7
FNH:3
FNDA:5,Edit
FNDA:0,(anonymous_1)
FNDA:0,(anonymous_2)
FNDA:0,(anonymous_3)
FNDA:4,(anonymous_4)
FNDA:4,(anonymous_5)
FNDA:0,(anonymous_6)
DA:22,5
DA:23,4
DA:24,4
DA:25,4
DA:26,4
DA:27,4
DA:28,4
DA:29,4
DA:30,4
DA:31,4
DA:32,0
DA:35,4
DA:36,0
DA:37,0
DA:38,0
DA:39,0
DA:41,0
DA:46,0
DA:47,0
DA:49,0
DA:50,0
DA:53,4
DA:55,0
DA:56,0
DA:57,0
DA:58,0
DA:60,0
DA:64,0
DA:68,4
DA:69,4
DA:70,4
DA:71,4
DA:72,4
DA:73,0
DA:74,0
DA:75,0
DA:76,0
DA:78,0
DA:79,0
DA:80,0
DA:81,0
DA:82,0
DA:84,0
DA:378,0
DA:379,0
DA:380,0
DA:381,0
DA:382,0
DA:384,0
DA:387,0
DA:388,0
DA:391,4
DA:396,4
LF:53
LH:19
BRDA:31,0,0,0
BRDA:31,0,1,4
BRDA:46,1,0,0
BRDA:46,1,1,0
BRDA:57,2,0,0
BRDA:57,2,1,0
BRDA:75,3,0,0
BRDA:75,3,1,0
BRDA:80,4,0,0
BRDA:80,4,1,0
BRDA:80,5,0,0
BRDA:80,5,1,0
BRDA:398,6,0,0
BRDA:398,6,1,4
BRF:14
BRH:2
end_of_record
TN:
SF:src\Components\Editor\Editor.js
FN:25,Editor
FN:44,(anonymous_1)
FN:45,(anonymous_2)
FN:52,(anonymous_3)
FN:97,(anonymous_4)
FN:100,(anonymous_5)
FN:412,(anonymous_6)
FN:415,(anonymous_7)
FN:428,(anonymous_8)
FN:431,(anonymous_9)
FN:578,(anonymous_10)
FN:586,(anonymous_11)
FN:594,(anonymous_12)
FNF:13
FNH:4
FNDA:24,Editor
FNDA:0,(anonymous_1)
FNDA:0,(anonymous_2)
FNDA:0,(anonymous_3)
FNDA:11,(anonymous_4)
FNDA:11,(anonymous_5)
FNDA:0,(anonymous_6)
FNDA:0,(anonymous_7)
FNDA:0,(anonymous_8)
FNDA:0,(anonymous_9)
FNDA:1,(anonymous_10)
FNDA:0,(anonymous_11)
FNDA:0,(anonymous_12)
DA:26,24
DA:27,23
DA:28,23
DA:29,23
DA:30,23
DA:31,23
DA:32,23
DA:33,23
DA:34,23
DA:35,23
DA:36,23
DA:37,23
DA:38,23
DA:39,23
DA:40,23
DA:43,23
DA:44,23
DA:45,23
DA:46,0
DA:47,0
DA:48,0
DA:49,0
DA:50,0
DA:52,0
DA:53,0
DA:54,0
DA:55,0
DA:56,0
DA:57,0
DA:58,0
DA:59,0
DA:60,0
DA:62,0
DA:63,0
DA:64,0
DA:65,0
DA:66,0
DA:67,0
DA:68,0
DA:69,0
DA:70,0
DA:74,0
DA:75,0
DA:76,0
DA:81,0
DA:82,0
DA:85,0
DA:89,0
DA:97,23
DA:98,11
DA:99,11
DA:100,11
DA:101,11
DA:103,11
DA:104,0
DA:105,0
DA:106,0
DA:412,0
DA:413,0
DA:415,0
DA:418,0
DA:421,0
DA:425,11
DA:428,23
DA:429,0
DA:431,23
DA:432,0
DA:433,0
DA:434,0
DA:435,0
DA:437,0
DA:441,0
DA:444,23
DA:578,1
DA:586,0
DA:594,0
LF:76
LH:29
BRDA:63,0,0,0
BRDA:63,0,1,0
BRDA:64,1,0,0
BRDA:64,1,1,0
BRDA:98,2,0,11
BRDA:98,2,1,0
BRDA:434,3,0,0
BRDA:434,3,1,0
BRDA:446,4,0,0
BRDA:446,4,1,23
BRDA:581,5,0,23
BRDA:581,5,1,12
BRDA:594,6,0,23
BRDA:594,6,1,1
BRF:14
BRH:6
end_of_record
TN:
SF:src\Components\Footer\Footer.js
FN:4,Footer
FNF:1
FNH:1
FNDA:8,Footer
DA:5,8
LF:1
LH:1
BRF:0
BRH:0
end_of_record
TN:
SF:src\Components\Home\Home.js
FN:24,Home
FN:26,(anonymous_1)
FN:37,(anonymous_2)
FN:40,(anonymous_3)
FN:43,(anonymous_4)
FN:46,(anonymous_5)
FN:49,(anonymous_6)
FN:123,(anonymous_7)
FN:129,(anonymous_8)
FN:135,(anonymous_9)
FN:141,(anonymous_10)
FN:147,(anonymous_11)
FNF:12
FNH:1
FNDA:9,Home
FNDA:0,(anonymous_1)
FNDA:0,(anonymous_2)
FNDA:0,(anonymous_3)
FNDA:0,(anonymous_4)
FNDA:0,(anonymous_5)
FNDA:0,(anonymous_6)
FNDA:0,(anonymous_7)
FNDA:0,(anonymous_8)
FNDA:0,(anonymous_9)
FNDA:0,(anonymous_10)
FNDA:0,(anonymous_11)
DA:25,9
DA:26,7
DA:27,0
DA:28,0
DA:29,0
DA:32,0
DA:37,7
DA:38,0
DA:40,7
DA:41,0
DA:43,7
DA:44,0
DA:46,7
DA:47,0
DA:49,7
DA:50,0
DA:52,7
DA:123,0
DA:129,0
DA:135,0
DA:141,0
DA:147,0
LF:22
LH:8
BRF:0
BRH:0
end_of_record
TN:
SF:src\Components\Login\SignUpIncomponent.js
FN:19,SignUpIncomponent
FN:31,(anonymous_1)
FN:32,(anonymous_2)
FN:34,(anonymous_3)
FN:35,(anonymous_4)
FN:36,(anonymous_5)
FN:38,(anonymous_6)
FN:67,(anonymous_7)
FN:93,(anonymous_8)
FN:98,(anonymous_9)
FN:120,(anonymous_10)
FN:124,(anonymous_11)
FN:127,(anonymous_12)
FN:147,(anonymous_13)
FN:165,(anonymous_14)
FN:182,(anonymous_15)
FN:187,(anonymous_16)
FN:190,(anonymous_17)
FN:203,(anonymous_18)
FN:213,(anonymous_19)
FNF:20
FNH:3
FNDA:10,SignUpIncomponent
FNDA:0,(anonymous_1)
FNDA:0,(anonymous_2)
FNDA:0,(anonymous_3)
FNDA:0,(anonymous_4)
FNDA:0,(anonymous_5)
FNDA:0,(anonymous_6)
FNDA:0,(anonymous_7)
FNDA:0,(anonymous_8)
FNDA:0,(anonymous_9)
FNDA:0,(anonymous_10)
FNDA:0,(anonymous_11)
FNDA:0,(anonymous_12)
FNDA:0,(anonymous_13)
FNDA:0,(anonymous_14)
FNDA:1,(anonymous_15)
FNDA:1,(anonymous_16)
FNDA:0,(anonymous_17)
FNDA:0,(anonymous_18)
FNDA:0,(anonymous_19)
DA:10,2
DA:15,2
DA:20,10
DA:21,10
DA:22,10
DA:23,10
DA:24,10
DA:25,10
DA:26,10
DA:27,10
DA:28,10
DA:29,10
DA:31,10
DA:32,10
DA:34,10
DA:35,10
DA:36,10
DA:38,10
DA:39,0
DA:40,0
DA:41,0
DA:47,0
DA:48,0
DA:49,0
DA:52,0
DA:54,0
DA:57,0
DA:58,0
DA:59,0
DA:62,0
DA:67,10
DA:68,0
DA:70,0
DA:71,0
DA:77,0
DA:78,0
DA:79,0
DA:80,0
DA:84,0
DA:85,0
DA:86,0
DA:89,0
DA:93,10
DA:94,0
DA:95,0
DA:96,0
DA:98,10
DA:99,0
DA:100,0
DA:101,0
DA:103,10
DA:120,0
DA:124,0
DA:127,0
DA:147,0
DA:165,0
DA:182,1
DA:187,1
DA:190,0
DA:203,0
DA:213,0
LF:61
LH:24
BRDA:48,0,0,0
BRDA:48,0,1,0
BRDA:58,1,0,0
BRDA:58,1,1,0
BRDA:85,2,0,0
BRDA:85,2,1,0
BRDA:106,3,0,10
BRDA:106,3,1,10
BRDA:106,3,2,0
BRDA:154,4,0,10
BRDA:154,4,1,10
BRDA:169,5,0,10
BRDA:169,5,1,10
BRDA:169,5,2,10
BRDA:199,6,0,10
BRDA:199,6,1,0
BRDA:209,7,0,10
BRDA:209,7,1,0
BRF:18
BRH:9
end_of_record
TN:
SF:src\Components\Navbar\Navbar.js
FN:7,Navbar
FN:14,(anonymous_1)
FN:26,(anonymous_2)
FN:39,(anonymous_3)
FNF:4
FNH:3
FNDA:22,Navbar
FNDA:13,(anonymous_1)
FNDA:0,(anonymous_2)
FNDA:13,(anonymous_3)
DA:8,22
DA:9,18
DA:10,18
DA:12,18
DA:13,18
DA:14,18
DA:15,13
DA:16,13
DA:17,0
DA:18,0
DA:20,0
DA:23,0
DA:26,18
DA:27,0
DA:28,0
DA:29,0
DA:30,0
DA:32,0
DA:36,0
DA:39,18
DA:40,13
DA:42,18
LF:22
LH:12
BRDA:29,0,0,0
BRDA:29,0,1,0
BRDA:61,1,0,0
BRDA:61,1,1,18
BRF:4
BRH:1
end_of_record
TN:
SF:src\Components\Template\StoreTemplate.js
FN:9,StoreTemplate
FN:18,(anonymous_1)
FN:21,(anonymous_2)
FN:24,(anonymous_3)
FN:25,(anonymous_4)
FN:58,(anonymous_5)
FN:61,(anonymous_6)
FN:70,(anonymous_7)
FNF:8
FNH:3
FNDA:7,StoreTemplate
FNDA:0,(anonymous_1)
FNDA:0,(anonymous_2)
FNDA:3,(anonymous_3)
FNDA:3,(anonymous_4)
FNDA:0,(anonymous_5)
FNDA:0,(anonymous_6)
FNDA:0,(anonymous_7)
DA:10,7
DA:11,6
DA:13,6
DA:14,6
DA:15,6
DA:17,6
DA:18,6
DA:19,0
DA:21,6
DA:22,0
DA:24,6
DA:25,3
DA:26,3
DA:27,3
DA:28,3
DA:29,0
DA:30,0
DA:33,0
DA:35,0
DA:38,3
DA:41,6
DA:58,0
DA:62,0
DA:63,0
DA:70,0
LF:25
LH:15
BRDA:44,0,0,3
BRDA:44,0,1,3
BRDA:61,1,0,3
BRDA:61,1,1,0
BRF:4
BRH:3
end_of_record
TN:
SF:src\Components\Template\Template.js
FN:10,Template
FN:15,(anonymous_1)
FN:18,(anonymous_2)
FN:28,(anonymous_3)
FN:29,(anonymous_4)
FN:396,(anonymous_5)
FNF:6
FNH:3
FNDA:1,Template
FNDA:0,(anonymous_1)
FNDA:0,(anonymous_2)
FNDA:1,(anonymous_3)
FNDA:1,(anonymous_4)
FNDA:0,(anonymous_5)
DA:11,1
DA:12,1
DA:13,1
DA:15,1
DA:16,0
DA:17,0
DA:18,0
DA:19,0
DA:24,0
DA:25,0
DA:28,1
DA:29,1
DA:30,1
DA:31,1
DA:32,0
DA:33,0
DA:393,0
DA:394,0
DA:395,0
DA:396,0
DA:397,0
DA:399,0
DA:402,0
DA:403,0
DA:406,1
DA:411,1
LF:26
LH:10
BRF:0
BRH:0
end_of_record
TN:
SF:src\Components\Template\UseTemplates.jsx
FN:12,UseTemplate
FN:16,(anonymous_1)
FN:18,(anonymous_2)
FN:21,(anonymous_3)
FN:31,(anonymous_4)
FN:32,(anonymous_5)
FN:401,(anonymous_6)
FN:521,(anonymous_7)
FNF:8
FNH:3
FNDA:3,UseTemplate
FNDA:0,(anonymous_1)
FNDA:0,(anonymous_2)
FNDA:0,(anonymous_3)
FNDA:2,(anonymous_4)
FNDA:2,(anonymous_5)
FNDA:0,(anonymous_6)
FNDA:0,(anonymous_7)
DA:13,3
DA:14,2
DA:15,2
DA:16,2
DA:18,2
DA:19,0
DA:20,0
DA:21,0
DA:22,0
DA:27,0
DA:28,0
DA:31,2
DA:32,2
DA:33,2
DA:34,2
DA:35,0
DA:36,0
DA:398,0
DA:399,0
DA:400,0
DA:401,0
DA:402,0
DA:404,0
DA:407,0
DA:408,0
DA:411,2
DA:416,2
DA:521,0
LF:28
LH:11
BRF:0
BRH:0
end_of_record
TN:
SF:src\Components\allPages\AllPages.js
FN:8,AllPages
FN:16,(anonymous_1)
FN:31,(anonymous_2)
FN:32,(anonymous_3)
FN:110,(anonymous_4)
FN:128,(anonymous_5)
FNF:6
FNH:3
FNDA:11,AllPages
FNDA:0,(anonymous_1)
FNDA:5,(anonymous_2)
FNDA:5,(anonymous_3)
FNDA:0,(anonymous_4)
FNDA:0,(anonymous_5)
DA:10,11
DA:11,10
DA:12,10
DA:13,10
DA:15,10
DA:16,10
DA:17,0
DA:18,0
DA:19,0
DA:20,0
DA:23,0
DA:31,10
DA:32,5
DA:33,5
DA:34,5
DA:35,5
DA:36,0
DA:37,0
DA:38,0
DA:41,0
DA:44,0
DA:47,5
DA:54,10
DA:111,0
DA:112,0
DA:128,0
LF:26
LH:13
BRDA:17,0,0,0
BRDA:17,0,1,0
BRDA:57,1,0,5
BRDA:57,1,1,5
BRDA:110,2,0,5
BRDA:110,2,1,0
BRF:6
BRH:3
end_of_record
